0 info it worked if it ends with ok
1 verbose cli [ 'C:\\Program Files\\nodejs\\node.exe',
1 verbose cli   'C:\\Program Files\\nodejs\\node_modules\\npm\\bin\\npm-cli.js',
1 verbose cli   'run',
1 verbose cli   'babel-run',
1 verbose cli   'src-ecma6',
1 verbose cli   '--out-dir',
1 verbose cli   'dist-ecma5' ]
2 info using npm@3.10.10
3 info using node@v6.10.0
4 verbose run-script [ 'prebabel-run', 'babel-run', 'postbabel-run' ]
5 info lifecycle html2three@1.0.0~prebabel-run: html2three@1.0.0
6 silly lifecycle html2three@1.0.0~prebabel-run: no script for prebabel-run, continuing
7 info lifecycle html2three@1.0.0~babel-run: html2three@1.0.0
8 verbose lifecycle html2three@1.0.0~babel-run: unsafe-perm in lifecycle true
9 verbose lifecycle html2three@1.0.0~babel-run: PATH: C:\Program Files\nodejs\node_modules\npm\bin\node-gyp-bin;C:\Users\Sander\Google Drive\Unief\Bachelor proef\Code\WebVR\html2three\html2three\node_modules\.bin;C:\ProgramData\Oracle\Java\javapath;C:\Program Files\Oculus\Support\oculus-runtime;C:\Windows\system32;C:\Windows;C:\Windows\System32\Wbem;C:\Windows\System32\WindowsPowerShell\v1.0\;C:\Android;C:\Windows\System32;C:\Program Files\Git\cmd;C:\Program Files (x86)\NVIDIA Corporation\PhysX\Common;C:\Program Files (x86)\Windows Kits\10\Windows Performance Toolkit\;C:\Program Files\Microsoft SQL Server\130\Tools\Binn\;C:\Program Files\nodejs\;C:\Users\Sander\AppData\Local\Microsoft\WindowsApps;C:\Users\Sander\AppData\Roaming\npm
10 verbose lifecycle html2three@1.0.0~babel-run: CWD: C:\Users\Sander\Google Drive\Unief\Bachelor proef\Code\WebVR\html2three\html2three
11 silly lifecycle html2three@1.0.0~babel-run: Args: [ '/d /s /c',
11 silly lifecycle   'babel js/src-ecma6 --out-dir js/dist-ecma5 "src-ecma6" "dist-ecma5"' ]
12 silly lifecycle html2three@1.0.0~babel-run: Returned: code: 2  signal: null
13 info lifecycle html2three@1.0.0~babel-run: Failed to exec babel-run script
14 verbose stack Error: html2three@1.0.0 babel-run: `babel js/src-ecma6 --out-dir js/dist-ecma5 "src-ecma6" "dist-ecma5"`
14 verbose stack Exit status 2
14 verbose stack     at EventEmitter.<anonymous> (C:\Program Files\nodejs\node_modules\npm\lib\utils\lifecycle.js:255:16)
14 verbose stack     at emitTwo (events.js:106:13)
14 verbose stack     at EventEmitter.emit (events.js:191:7)
14 verbose stack     at ChildProcess.<anonymous> (C:\Program Files\nodejs\node_modules\npm\lib\utils\spawn.js:40:14)
14 verbose stack     at emitTwo (events.js:106:13)
14 verbose stack     at ChildProcess.emit (events.js:191:7)
14 verbose stack     at maybeClose (internal/child_process.js:877:16)
14 verbose stack     at Process.ChildProcess._handle.onexit (internal/child_process.js:226:5)
15 verbose pkgid html2three@1.0.0
16 verbose cwd C:\Users\Sander\Google Drive\Unief\Bachelor proef\Code\WebVR\html2three\html2three\js
17 error Windows_NT 10.0.14393
18 error argv "C:\\Program Files\\nodejs\\node.exe" "C:\\Program Files\\nodejs\\node_modules\\npm\\bin\\npm-cli.js" "run" "babel-run" "src-ecma6" "--out-dir" "dist-ecma5"
19 error node v6.10.0
20 error npm  v3.10.10
21 error code ELIFECYCLE
22 error html2three@1.0.0 babel-run: `babel js/src-ecma6 --out-dir js/dist-ecma5 "src-ecma6" "dist-ecma5"`
22 error Exit status 2
23 error Failed at the html2three@1.0.0 babel-run script 'babel js/src-ecma6 --out-dir js/dist-ecma5 "src-ecma6" "dist-ecma5"'.
23 error Make sure you have the latest version of node.js and npm installed.
23 error If you do, this is most likely a problem with the html2three package,
23 error not with npm itself.
23 error Tell the author that this fails on your system:
23 error     babel js/src-ecma6 --out-dir js/dist-ecma5 "src-ecma6" "dist-ecma5"
23 error You can get information on how to open an issue for this project with:
23 error     npm bugs html2three
23 error Or if that isn't available, you can get their info via:
23 error     npm owner ls html2three
23 error There is likely additional logging output above.
24 verbose exit [ 1, true ]
